#
# There is insufficient memory for the Java Runtime Environment to continue.
# Native memory allocation (malloc) failed to allocate 32744 bytes. Error detail: Chunk::new
# Possible reasons:
#   The system is out of physical RAM or swap space
#   This process is running with CompressedOops enabled, and the Java Heap may be blocking the growth of the native heap
# Possible solutions:
#   Reduce memory load on the system
#   Increase physical memory or swap space
#   Check if swap backing store is full
#   Decrease Java heap size (-Xmx/-Xms)
#   Decrease number of Java threads
#   Decrease Java thread stack sizes (-Xss)
#   Set larger code cache with -XX:ReservedCodeCacheSize=
#   JVM is running with Unscaled Compressed Oops mode in which the Java heap is
#     placed in the first 4GB address space. The Java Heap base address is the
#     maximum limit for the native heap growth. Please use -XX:HeapBaseMinAddress
#     to set the Java Heap base and to place the Java Heap above 4GB virtual address.
# This output file may be truncated or incomplete.
#
#  Out of Memory Error (arena.cpp:168), pid=28060, tid=29000
#
# JRE version: OpenJDK Runtime Environment Temurin-21.0.9+10 (21.0.9+10) (build 21.0.9+10-LTS)
# Java VM: OpenJDK 64-Bit Server VM Temurin-21.0.9+10 (21.0.9+10-LTS, mixed mode, sharing, tiered, compressed oops, compressed class ptrs, parallel gc, windows-amd64)
# No core dump will be written. Minidumps are not enabled by default on client versions of Windows
#

---------------  S U M M A R Y ------------

Command Line: --add-modules=ALL-SYSTEM --add-opens=java.base/java.util=ALL-UNNAMED --add-opens=java.base/java.lang=ALL-UNNAMED --add-opens=java.base/sun.nio.fs=ALL-UNNAMED -Declipse.application=org.eclipse.jdt.ls.core.id1 -Dosgi.bundles.defaultStartLevel=4 -Declipse.product=org.eclipse.jdt.ls.core.product -Djava.import.generatesMetadataFilesAtProjectRoot=false -DDetectVMInstallationsJob.disabled=true -Dfile.encoding=utf8 -XX:+UseParallelGC -XX:GCTimeRatio=4 -XX:AdaptiveSizePolicyWeight=90 -Dsun.zip.disableMemoryMapping=true -Xmx2G -Xms100m -Xlog:disable -javaagent:c:\Users\Harsh\.vscode\extensions\redhat.java-1.52.0-win32-x64\lombok\lombok-1.18.39-4050.jar -XX:+HeapDumpOnOutOfMemoryError -XX:HeapDumpPath=c:\Users\Harsh\AppData\Roaming\Code\User\workspaceStorage\010daff9c438fd202ada02dde97645b3\redhat.java -Daether.dependencyCollector.impl=bf c:\Users\Harsh\.vscode\extensions\redhat.java-1.52.0-win32-x64\server\plugins\org.eclipse.equinox.launcher_1.7.100.v20251111-0406.jar -configuration c:\Users\Harsh\AppData\Roaming\Code\User\globalStorage\redhat.java\1.52.0\config_win -data c:\Users\Harsh\AppData\Roaming\Code\User\workspaceStorage\010daff9c438fd202ada02dde97645b3\redhat.java\jdt_ws --pipe=\\.\pipe\lsp-0c0f62efaefb23cfb4c5ef12fbbf5800-sock

Host: Intel(R) Core(TM) i5-10200H CPU @ 2.40GHz, 8 cores, 7G,  Windows 11 , 64 bit Build 26100 (10.0.26100.7705)
Time: Sun Feb 15 23:30:20 2026 India Standard Time elapsed time: 7.765126 seconds (0d 0h 0m 7s)

---------------  T H R E A D  ---------------

Current thread (0x00000213f8be26e0):  JavaThread "C1 CompilerThread0" daemon [_thread_in_native, id=29000, stack(0x000000f1be000000,0x000000f1be100000) (1024K)]


Current CompileTask:
C1:7765 1831       3       java.net.URLStreamHandler::parseURL (1124 bytes)

Stack: [0x000000f1be000000,0x000000f1be100000]
Native frames: (J=compiled Java code, j=interpreted, Vv=VM code, C=native code)
V  [jvm.dll+0x6d6e29]
V  [jvm.dll+0x8b4b76]
V  [jvm.dll+0x8b712e]
V  [jvm.dll+0x8b7813]
V  [jvm.dll+0x283d86]
V  [jvm.dll+0xc66ed]
V  [jvm.dll+0xc6c31]
V  [jvm.dll+0x1417ae]
V  [jvm.dll+0x140a67]
V  [jvm.dll+0x1a27a6]
V  [jvm.dll+0x1a4001]
V  [jvm.dll+0x1a384a]
V  [jvm.dll+0x16c72b]
V  [jvm.dll+0x156a19]
V  [jvm.dll+0x156b92]
V  [jvm.dll+0x156e44]
V  [jvm.dll+0x15625c]
V  [jvm.dll+0x157fed]
V  [jvm.dll+0x25b29d]
V  [jvm.dll+0x25982a]
V  [jvm.dll+0x3f7ea6]
V  [jvm.dll+0x85e9ad]
V  [jvm.dll+0x6d565d]
C  [ucrtbase.dll+0x37b0]
C  [KERNEL32.DLL+0x2e8d7]
C  [ntdll.dll+0x8c40c]


---------------  P R O C E S S  ---------------

Threads class SMR info:
_java_thread_list=0x00000213fd6fd9a0, length=12, elements={
0x00000213e09661b0, 0x00000213e08dc7b0, 0x00000213e08dfbf0, 0x00000213e08e3750,
0x00000213e08e43a0, 0x00000213e08e8460, 0x00000213e08ec590, 0x00000213e08f2a00,
0x00000213f8be26e0, 0x00000213f8d925a0, 0x00000213f8e977e0, 0x00000213fd685940
}

Java Threads: ( => current thread )
  0x00000213e09661b0 JavaThread "main"                              [_thread_in_native, id=11680, stack(0x000000f1bd500000,0x000000f1bd600000) (1024K)]
  0x00000213e08dc7b0 JavaThread "Reference Handler"          daemon [_thread_blocked, id=8400, stack(0x000000f1bd900000,0x000000f1bda00000) (1024K)]
  0x00000213e08dfbf0 JavaThread "Finalizer"                  daemon [_thread_blocked, id=15888, stack(0x000000f1bda00000,0x000000f1bdb00000) (1024K)]
  0x00000213e08e3750 JavaThread "Signal Dispatcher"          daemon [_thread_blocked, id=16020, stack(0x000000f1bdb00000,0x000000f1bdc00000) (1024K)]
  0x00000213e08e43a0 JavaThread "Attach Listener"            daemon [_thread_blocked, id=29692, stack(0x000000f1bdc00000,0x000000f1bdd00000) (1024K)]
  0x00000213e08e8460 JavaThread "Service Thread"             daemon [_thread_blocked, id=25904, stack(0x000000f1bdd00000,0x000000f1bde00000) (1024K)]
  0x00000213e08ec590 JavaThread "Monitor Deflation Thread"   daemon [_thread_blocked, id=26784, stack(0x000000f1bde00000,0x000000f1bdf00000) (1024K)]
  0x00000213e08f2a00 JavaThread "C2 CompilerThread0"         daemon [_thread_blocked, id=26988, stack(0x000000f1bdf00000,0x000000f1be000000) (1024K)]
=>0x00000213f8be26e0 JavaThread "C1 CompilerThread0"         daemon [_thread_in_native, id=29000, stack(0x000000f1be000000,0x000000f1be100000) (1024K)]
  0x00000213f8d925a0 JavaThread "Common-Cleaner"             daemon [_thread_blocked, id=11692, stack(0x000000f1be100000,0x000000f1be200000) (1024K)]
  0x00000213f8e977e0 JavaThread "Notification Thread"        daemon [_thread_blocked, id=15228, stack(0x000000f1be200000,0x000000f1be300000) (1024K)]
  0x00000213fd685940 JavaThread "Active Thread: Equinox Container: bf52254c-e29a-49cc-bd0b-36bb74f7f4bb"        [_thread_blocked, id=8724, stack(0x000000f1be400000,0x000000f1be500000) (1024K)]
Total: 12

Other Threads:
  0x00000213e08d2cb0 VMThread "VM Thread"                           [id=20248, stack(0x000000f1bd800000,0x000000f1bd900000) (1024K)]
  0x00000213e07eca10 WatcherThread "VM Periodic Task Thread"        [id=16564, stack(0x000000f1bd700000,0x000000f1bd800000) (1024K)]
  0x00000213e0987800 WorkerThread "GC Thread#0"                     [id=25244, stack(0x000000f1bd600000,0x000000f1bd700000) (1024K)]
  0x00000213fd78b220 WorkerThread "GC Thread#1"                     [id=20056, stack(0x000000f1be500000,0x000000f1be600000) (1024K)]
  0x00000213fd5b6000 WorkerThread "GC Thread#2"                     [id=29364, stack(0x000000f1be600000,0x000000f1be700000) (1024K)]
  0x00000213fd5b63a0 WorkerThread "GC Thread#3"                     [id=15692, stack(0x000000f1be700000,0x000000f1be800000) (1024K)]
  0x00000213fd5b6740 WorkerThread "GC Thread#4"                     [id=26904, stack(0x000000f1be800000,0x000000f1be900000) (1024K)]
  0x00000213fd5b6ae0 WorkerThread "GC Thread#5"                     [id=24956, stack(0x000000f1be900000,0x000000f1bea00000) (1024K)]
  0x00000213fd5b6e80 WorkerThread "GC Thread#6"                     [id=18108, stack(0x000000f1bea00000,0x000000f1beb00000) (1024K)]
Total: 9

Threads with active compile tasks:
C1 CompilerThread0  7804 1831       3       java.net.URLStreamHandler::parseURL (1124 bytes)
Total: 1

VM state: not at safepoint (normal execution)

VM Mutex/Monitor currently owned by a thread: None

Heap address: 0x0000000080000000, size: 2048 MB, Compressed Oops mode: 32-bit

CDS archive(s) mapped at: [0x0000021380000000-0x0000021380ba0000-0x0000021380ba0000), size 12189696, SharedBaseAddress: 0x0000021380000000, ArchiveRelocationMode: 1.
Compressed class space mapped at: 0x0000021381000000-0x00000213c1000000, reserved size: 1073741824
Narrow klass base: 0x0000021380000000, Narrow klass shift: 0, Narrow klass range: 0x100000000

GC Precious Log:
 CardTable entry size: 512
 CPUs: 8 total, 8 available
 Memory: 8029M
 Large Page Support: Disabled
 NUMA Support: Disabled
 Compressed Oops: Enabled (32-bit)
 Alignments: Space 512K, Generation 512K, Heap 2M
 Heap Min Capacity: 100M
 Heap Initial Capacity: 100M
 Heap Max Capacity: 2G
 Pre-touch: Disabled
 Parallel Workers: 8

Heap:
 PSYoungGen      total 29696K, used 28791K [0x00000000d5580000, 0x00000000d7680000, 0x0000000100000000)
  eden space 25600K, 99% used [0x00000000d5580000,0x00000000d6e5c120,0x00000000d6e80000)
  from space 4096K, 81% used [0x00000000d6e80000,0x00000000d71c1e98,0x00000000d7280000)
  to   space 4096K, 0% used [0x00000000d7280000,0x00000000d7280000,0x00000000d7680000)
 ParOldGen       total 68608K, used 0K [0x0000000080000000, 0x0000000084300000, 0x00000000d5580000)
  object space 68608K, 0% used [0x0000000080000000,0x0000000080000000,0x0000000084300000)
 Metaspace       used 7966K, committed 8256K, reserved 1114112K
  class space    used 829K, committed 960K, reserved 1048576K

Card table byte_map: [0x00000213e0300000,0x00000213e0710000] _byte_map_base: 0x00000213dff00000

Marking Bits: (ParMarkBitMap*) 0x00007ffd9f142460
 Begin Bits: [0x00000213f2e10000, 0x00000213f4e10000)
 End Bits:   [0x00000213f4e10000, 0x00000213f6e10000)

Polling page: 0x00000213de7a0000

Metaspace:

Usage:
  Non-class:      6.97 MB used.
      Class:    829.41 KB used.
       Both:      7.78 MB used.

Virtual space:
  Non-class space:       64.00 MB reserved,       7.12 MB ( 11%) committed,  1 nodes.
      Class space:        1.00 GB reserved,     960.00 KB ( <1%) committed,  1 nodes.
             Both:        1.06 GB reserved,       8.06 MB ( <1%) committed. 

Chunk freelists:
   Non-Class:  8.81 MB
       Class:  14.91 MB
        Both:  23.72 MB

MaxMetaspaceSize: unlimited
CompressedClassSpaceSize: 1.00 GB
Initial GC threshold: 21.00 MB
Current GC threshold: 21.00 MB
CDS: on
 - commit_granule_bytes: 65536.
 - commit_granule_words: 8192.
 - virtual_space_node_default_size: 8388608.
 - enlarge_chunks_in_place: 1.
 - use_allocation_guard: 0.


Internal statistics:

num_allocs_failed_limit: 0.
num_arena_births: 228.
num_arena_deaths: 0.
num_vsnodes_births: 2.
num_vsnodes_deaths: 0.
num_space_committed: 129.
num_space_uncommitted: 0.
num_chunks_returned_to_freelist: 0.
num_chunks_taken_from_freelist: 422.
num_chunk_merges: 0.
num_chunk_splits: 270.
num_chunks_enlarged: 178.
num_inconsistent_stats: 0.

CodeHeap 'non-profiled nmethods': size=120000Kb used=803Kb max_used=803Kb free=119196Kb
 bounds [0x00000213eb630000, 0x00000213eb8a0000, 0x00000213f2b60000]
CodeHeap 'profiled nmethods': size=120000Kb used=3335Kb max_used=3335Kb free=116664Kb
 bounds [0x00000213e3b60000, 0x00000213e3eb0000, 0x00000213eb090000]
CodeHeap 'non-nmethods': size=5760Kb used=1215Kb max_used=1240Kb free=4544Kb
 bounds [0x00000213eb090000, 0x00000213eb300000, 0x00000213eb630000]
CodeCache: size=245760Kb, used=5353Kb, max_used=5378Kb, free=240404Kb
 total_blobs=2311, nmethods=1829, adapters=389, full_count=0
Compilation: enabled, stopped_count=0, restarted_count=0

Compilation events (20 events):
Event: 5.678 Thread 0x00000213f8be26e0 nmethod 1821 0x00000213e3e9d810 code [0x00000213e3e9d9e0, 0x00000213e3e9dce8]
Event: 5.678 Thread 0x00000213f8be26e0 1822       3       org.eclipse.osgi.internal.framework.BundleContextImpl::getProperty (25 bytes)
Event: 5.679 Thread 0x00000213f8be26e0 nmethod 1822 0x00000213e3e9de90 code [0x00000213e3e9e0a0, 0x00000213e3e9e638]
Event: 5.679 Thread 0x00000213f8be26e0 1823       3       org.eclipse.equinox.plurl.PlurlStreamHandlerBase::<init> (5 bytes)
Event: 5.679 Thread 0x00000213f8be26e0 nmethod 1823 0x00000213e3e9e890 code [0x00000213e3e9ea40, 0x00000213e3e9ec08]
Event: 5.682 Thread 0x00000213f8be26e0 1824       3       org.eclipse.core.runtime.adaptor.EclipseStarter::createURL (52 bytes)
Event: 5.683 Thread 0x00000213f8be26e0 nmethod 1824 0x00000213e3e9ed10 code [0x00000213e3e9efc0, 0x00000213e3e9fb98]
Event: 5.683 Thread 0x00000213f8be26e0 1825       3       org.eclipse.osgi.storage.url.reference.Handler::<init> (35 bytes)
Event: 5.684 Thread 0x00000213f8be26e0 nmethod 1825 0x00000213e3ea0110 code [0x00000213e3ea0320, 0x00000213e3ea0868]
Event: 5.790 Thread 0x00000213e08f2a00 1826       4       java.lang.CharacterDataLatin1::equalsIgnoreCase (63 bytes)
Event: 5.791 Thread 0x00000213e08f2a00 nmethod 1826 0x00000213eb6f8c10 code [0x00000213eb6f8da0, 0x00000213eb6f8e50]
Event: 7.552 Thread 0x00000213f8be26e0 1827       3       java.net.URL::<init> (11 bytes)
Event: 7.553 Thread 0x00000213f8be26e0 nmethod 1827 0x00000213e3ea0a90 code [0x00000213e3ea0c40, 0x00000213e3ea0d88]
Event: 7.750 Thread 0x00000213f8be26e0 1828       3       jdk.internal.misc.CarrierThreadLocal::get (10 bytes)
Event: 7.750 Thread 0x00000213f8be26e0 nmethod 1828 0x00000213e3ea0e10 code [0x00000213e3ea0fe0, 0x00000213e3ea12a0]
Event: 7.750 Thread 0x00000213f8be26e0 1829       3       java.lang.System$2::getCarrierThreadLocal (5 bytes)
Event: 7.751 Thread 0x00000213f8be26e0 nmethod 1829 0x00000213e3ea1390 code [0x00000213e3ea1540, 0x00000213e3ea1798]
Event: 7.751 Thread 0x00000213f8be26e0 1830       3       sun.net.www.protocol.file.Handler::parseURL (18 bytes)
Event: 7.751 Thread 0x00000213f8be26e0 nmethod 1830 0x00000213e3ea1890 code [0x00000213e3ea1a40, 0x00000213e3ea1c00]
Event: 7.751 Thread 0x00000213f8be26e0 1831       3       java.net.URLStreamHandler::parseURL (1124 bytes)

GC Heap History (2 events):
Event: 1.517 GC heap before
{Heap before GC invocations=1 (full 0):
 PSYoungGen      total 29696K, used 25600K [0x00000000d5580000, 0x00000000d7680000, 0x0000000100000000)
  eden space 25600K, 100% used [0x00000000d5580000,0x00000000d6e80000,0x00000000d6e80000)
  from space 4096K, 0% used [0x00000000d7280000,0x00000000d7280000,0x00000000d7680000)
  to   space 4096K, 0% used [0x00000000d6e80000,0x00000000d6e80000,0x00000000d7280000)
 ParOldGen       total 68608K, used 0K [0x0000000080000000, 0x0000000084300000, 0x00000000d5580000)
  object space 68608K, 0% used [0x0000000080000000,0x0000000080000000,0x0000000084300000)
 Metaspace       used 4345K, committed 4544K, reserved 1114112K
  class space    used 473K, committed 576K, reserved 1048576K
}
Event: 1.530 GC heap after
{Heap after GC invocations=1 (full 0):
 PSYoungGen      total 29696K, used 3335K [0x00000000d5580000, 0x00000000d7680000, 0x0000000100000000)
  eden space 25600K, 0% used [0x00000000d5580000,0x00000000d5580000,0x00000000d6e80000)
  from space 4096K, 81% used [0x00000000d6e80000,0x00000000d71c1e98,0x00000000d7280000)
  to   space 4096K, 0% used [0x00000000d7280000,0x00000000d7280000,0x00000000d7680000)
 ParOldGen       total 68608K, used 0K [0x0000000080000000, 0x0000000084300000, 0x00000000d5580000)
  object space 68608K, 0% used [0x0000000080000000,0x0000000080000000,0x0000000084300000)
 Metaspace       used 4345K, committed 4544K, reserved 1114112K
  class space    used 473K, committed 576K, reserved 1048576K
}

Dll operation events (8 events):
Event: 0.022 Loaded shared library c:\Users\Harsh\.vscode\extensions\redhat.java-1.52.0-win32-x64\jre\21.0.9-win32-x86_64\bin\java.dll
Event: 0.149 Loaded shared library c:\Users\Harsh\.vscode\extensions\redhat.java-1.52.0-win32-x64\jre\21.0.9-win32-x86_64\bin\zip.dll
Event: 0.187 Loaded shared library C:\Users\Harsh\.vscode\extensions\redhat.java-1.52.0-win32-x64\jre\21.0.9-win32-x86_64\bin\instrument.dll
Event: 0.194 Loaded shared library C:\Users\Harsh\.vscode\extensions\redhat.java-1.52.0-win32-x64\jre\21.0.9-win32-x86_64\bin\net.dll
Event: 0.197 Loaded shared library C:\Users\Harsh\.vscode\extensions\redhat.java-1.52.0-win32-x64\jre\21.0.9-win32-x86_64\bin\nio.dll
Event: 0.202 Loaded shared library C:\Users\Harsh\.vscode\extensions\redhat.java-1.52.0-win32-x64\jre\21.0.9-win32-x86_64\bin\zip.dll
Event: 0.244 Loaded shared library C:\Users\Harsh\.vscode\extensions\redhat.java-1.52.0-win32-x64\jre\21.0.9-win32-x86_64\bin\jimage.dll
Event: 0.410 Loaded shared library c:\Users\Harsh\.vscode\extensions\redhat.java-1.52.0-win32-x64\jre\21.0.9-win32-x86_64\bin\verify.dll

Deoptimization events (20 events):
Event: 2.471 Thread 0x00000213e09661b0 Uncommon trap: trap_request=0xffffffde fr.pc=0x00000213eb6ba1e4 relative=0x00000000000009a4
Event: 2.471 Thread 0x00000213e09661b0 Uncommon trap: reason=class_check action=maybe_recompile pc=0x00000213eb6ba1e4 method=java.util.HashMap.putVal(ILjava/lang/Object;Ljava/lang/Object;ZZ)Ljava/lang/Object; @ 253 c2
Event: 2.471 Thread 0x00000213e09661b0 DEOPT PACKING pc=0x00000213eb6ba1e4 sp=0x000000f1bd5fe1d0
Event: 2.471 Thread 0x00000213e09661b0 DEOPT UNPACKING pc=0x00000213eb0e3aa2 sp=0x000000f1bd5fe0f8 mode 2
Event: 2.473 Thread 0x00000213e09661b0 Uncommon trap: trap_request=0xffffffde fr.pc=0x00000213eb6ba1e4 relative=0x00000000000009a4
Event: 2.473 Thread 0x00000213e09661b0 Uncommon trap: reason=class_check action=maybe_recompile pc=0x00000213eb6ba1e4 method=java.util.HashMap.putVal(ILjava/lang/Object;Ljava/lang/Object;ZZ)Ljava/lang/Object; @ 253 c2
Event: 2.473 Thread 0x00000213e09661b0 DEOPT PACKING pc=0x00000213eb6ba1e4 sp=0x000000f1bd5fe1d0
Event: 2.473 Thread 0x00000213e09661b0 DEOPT UNPACKING pc=0x00000213eb0e3aa2 sp=0x000000f1bd5fe0f8 mode 2
Event: 2.474 Thread 0x00000213e09661b0 Uncommon trap: trap_request=0xffffffde fr.pc=0x00000213eb6626fc relative=0x00000000000004bc
Event: 2.474 Thread 0x00000213e09661b0 Uncommon trap: reason=class_check action=maybe_recompile pc=0x00000213eb6626fc method=java.util.HashMap.putVal(ILjava/lang/Object;Ljava/lang/Object;ZZ)Ljava/lang/Object; @ 253 c2
Event: 2.474 Thread 0x00000213e09661b0 DEOPT PACKING pc=0x00000213eb6626fc sp=0x000000f1bd5fe030
Event: 2.474 Thread 0x00000213e09661b0 DEOPT UNPACKING pc=0x00000213eb0e3aa2 sp=0x000000f1bd5fdff0 mode 2
Event: 2.587 Thread 0x00000213e09661b0 DEOPT PACKING pc=0x00000213e3c6470b sp=0x000000f1bd5fc780
Event: 2.588 Thread 0x00000213e09661b0 DEOPT UNPACKING pc=0x00000213eb0e4242 sp=0x000000f1bd5fbbf8 mode 0
Event: 2.589 Thread 0x00000213e09661b0 DEOPT PACKING pc=0x00000213e3c5fc06 sp=0x000000f1bd5fc240
Event: 2.589 Thread 0x00000213e09661b0 DEOPT UNPACKING pc=0x00000213eb0e4242 sp=0x000000f1bd5fb6c0 mode 0
Event: 2.591 Thread 0x00000213e09661b0 DEOPT PACKING pc=0x00000213e3c5fc06 sp=0x000000f1bd5fc490
Event: 2.591 Thread 0x00000213e09661b0 DEOPT UNPACKING pc=0x00000213eb0e4242 sp=0x000000f1bd5fb910 mode 0
Event: 3.125 Thread 0x00000213e09661b0 DEOPT PACKING pc=0x00000213e3c1fe39 sp=0x000000f1bd5fe810
Event: 3.125 Thread 0x00000213e09661b0 DEOPT UNPACKING pc=0x00000213eb0e4242 sp=0x000000f1bd5fdd10 mode 0

Classes loaded (20 events):
Event: 2.580 Loading class java/security/KeyStoreException
Event: 2.580 Loading class java/security/KeyStoreException done
Event: 2.618 Loading class java/util/LinkedList$Node
Event: 2.619 Loading class java/util/LinkedList$Node done
Event: 2.619 Loading class java/util/LinkedList$ListItr
Event: 2.619 Loading class java/util/LinkedList$ListItr done
Event: 2.620 Loading class java/lang/Thread$Builder$OfPlatform
Event: 2.621 Loading class java/lang/Thread$Builder
Event: 2.621 Loading class java/lang/Thread$Builder done
Event: 2.621 Loading class java/lang/Thread$Builder$OfPlatform done
Event: 2.621 Loading class java/lang/Thread$Builder$OfVirtual
Event: 2.621 Loading class java/lang/Thread$Builder$OfVirtual done
Event: 2.630 Loading class sun/nio/fs/WindowsChannelFactory
Event: 2.631 Loading class sun/nio/fs/WindowsChannelFactory done
Event: 2.631 Loading class sun/nio/fs/WindowsChannelFactory$1
Event: 2.631 Loading class sun/nio/fs/WindowsChannelFactory$1 done
Event: 2.631 Loading class sun/nio/fs/WindowsChannelFactory$Flags
Event: 2.631 Loading class sun/nio/fs/WindowsChannelFactory$Flags done
Event: 2.631 Loading class sun/nio/ch/FileChannelImpl$Closer
Event: 2.631 Loading class sun/nio/ch/FileChannelImpl$Closer done

Classes unloaded (0 events):
No events

Classes redefined (0 events):
No events

Internal exceptions (20 events):
Event: 1.199 Thread 0x00000213e09661b0 Exception <a 'java/lang/NoSuchMethodError'{0x00000000d65fddc8}: 'java.lang.Object java.lang.invoke.DirectMethodHandle$Holder.invokeInterface(java.lang.Object, java.lang.Object, int)'> (0x00000000d65fddc8) 
thrown [s\src\hotspot\share\interpreter\linkResolver.cpp, line 773]
Event: 1.388 Thread 0x00000213e09661b0 Exception <a 'java/lang/NoSuchMethodError'{0x00000000d6a639e8}: 'java.lang.ClassLoader java.lang.ClassLoader.getPlatformClassLoader(java.lang.Class)'> (0x00000000d6a639e8) 
thrown [s\src\hotspot\share\interpreter\linkResolver.cpp, line 773]
Event: 1.531 Thread 0x00000213e09661b0 Exception <a 'java/lang/ClassNotFoundException'{0x00000000d5580320}: sun/net/www/protocol/c/Handler> (0x00000000d5580320) 
thrown [s\src\hotspot\share\classfile\systemDictionary.cpp, line 312]
Event: 1.531 Thread 0x00000213e09661b0 Exception <a 'java/lang/ClassNotFoundException'{0x00000000d55816f0}: sun/net/www/protocol/c/Handler> (0x00000000d55816f0) 
thrown [s\src\hotspot\share\classfile\systemDictionary.cpp, line 312]
Event: 1.532 Thread 0x00000213e09661b0 Exception <a 'java/lang/ClassNotFoundException'{0x00000000d5582928}: sun/net/www/protocol/c/Handler> (0x00000000d5582928) 
thrown [s\src\hotspot\share\classfile\systemDictionary.cpp, line 312]
Event: 1.552 Thread 0x00000213e09661b0 Exception <a 'java/io/FileNotFoundException'{0x00000000d55ac340}> (0x00000000d55ac340) 
thrown [s\src\hotspot\share\prims\jni.cpp, line 520]
Event: 1.609 Thread 0x00000213e09661b0 Implicit null exception at 0x00000213eb68f9a9 to 0x00000213eb690270
Event: 1.609 Thread 0x00000213e09661b0 Implicit null exception at 0x00000213eb69609a to 0x00000213eb6962b8
Event: 1.610 Thread 0x00000213e09661b0 Exception <a 'java/lang/NoSuchMethodError'{0x00000000d56dc4e8}: 'void java.lang.invoke.DirectMethodHandle$Holder.invokeStatic(java.lang.Object, java.lang.Object, java.lang.Object, java.lang.Object)'> (0x00000000d56dc4e8) 
thrown [s\src\hotspot\share\interpreter\linkResolver.cpp, line 773]
Event: 1.611 Thread 0x00000213e09661b0 Implicit null exception at 0x00000213eb692740 to 0x00000213eb692a14
Event: 1.611 Thread 0x00000213e09661b0 Implicit null exception at 0x00000213eb6917c0 to 0x00000213eb691845
Event: 1.817 Thread 0x00000213e09661b0 Exception <a 'java/lang/NoSuchMethodError'{0x00000000d59c7488}: 'void java.lang.invoke.DirectMethodHandle$Holder.invokeSpecial(java.lang.Object, java.lang.Object, java.lang.Object)'> (0x00000000d59c7488) 
thrown [s\src\hotspot\share\interpreter\linkResolver.cpp, line 773]
Event: 2.258 Thread 0x00000213e09661b0 Exception <a 'java/lang/NoSuchMethodError'{0x00000000d6430a28}: 'int java.lang.invoke.DirectMethodHandle$Holder.invokeVirtual(java.lang.Object, java.lang.Object)'> (0x00000000d6430a28) 
thrown [s\src\hotspot\share\interpreter\linkResolver.cpp, line 773]
Event: 2.358 Thread 0x00000213e09661b0 Exception <a 'java/lang/NoSuchMethodError'{0x00000000d65a6c68}: 'int java.lang.invoke.DirectMethodHandle$Holder.invokeStaticInit(java.lang.Object, java.lang.Object, java.lang.Object, java.lang.Object)'> (0x00000000d65a6c68) 
thrown [s\src\hotspot\share\interpreter\linkResolver.cpp, line 773]
Event: 2.361 Thread 0x00000213e09661b0 Exception <a 'java/lang/IncompatibleClassChangeError'{0x00000000d65af070}: Found class java.lang.Object, but interface was expected> (0x00000000d65af070) 
thrown [s\src\hotspot\share\interpreter\linkResolver.cpp, line 840]
Event: 2.362 Thread 0x00000213e09661b0 Exception <a 'java/lang/NoSuchMethodError'{0x00000000d65b5620}: 'void java.lang.invoke.DirectMethodHandle$Holder.invokeStaticInit(java.lang.Object, java.lang.Object)'> (0x00000000d65b5620) 
thrown [s\src\hotspot\share\interpreter\linkResolver.cpp, line 773]
Event: 2.365 Thread 0x00000213e09661b0 Exception <a 'java/lang/NoSuchMethodError'{0x00000000d65be748}: 'int java.lang.invoke.DirectMethodHandle$Holder.invokeStaticInit(java.lang.Object, java.lang.Object)'> (0x00000000d65be748) 
thrown [s\src\hotspot\share\interpreter\linkResolver.cpp, line 773]
Event: 2.433 Thread 0x00000213e09661b0 Exception <a 'java/lang/NoSuchMethodError'{0x00000000d6805298}: 'java.lang.Object java.lang.invoke.DirectMethodHandle$Holder.newInvokeSpecial(java.lang.Object, int, java.lang.Object)'> (0x00000000d6805298) 
thrown [s\src\hotspot\share\interpreter\linkResolver.cpp, line 773]
Event: 2.540 Thread 0x00000213e09661b0 Exception <a 'java/lang/ClassNotFoundException'{0x00000000d6a1d6b0}: sun/net/www/protocol/plurl/Handler> (0x00000000d6a1d6b0) 
thrown [s\src\hotspot\share\classfile\systemDictionary.cpp, line 312]
Event: 2.540 Thread 0x00000213e09661b0 Exception <a 'java/lang/ClassNotFoundException'{0x00000000d6a1e530}: sun/net/www/protocol/plurl/Handler> (0x00000000d6a1e530) 
thrown [s\src\hotspot\share\classfile\systemDictionary.cpp, line 312]

ZGC Phase Switch (0 events):
No events

VM Operations (20 events):
Event: 1.032 Executing VM operation: HandshakeAllThreads (Deoptimize)
Event: 1.032 Executing VM operation: HandshakeAllThreads (Deoptimize) done
Event: 1.475 Executing VM operation: ICBufferFull
Event: 1.475 Executing VM operation: ICBufferFull done
Event: 1.498 Executing VM operation: HandshakeAllThreads (Deoptimize)
Event: 1.498 Executing VM operation: HandshakeAllThreads (Deoptimize) done
Event: 1.517 Executing VM operation: ParallelGCFailedAllocation (Allocation Failure)
Event: 1.530 Executing VM operation: ParallelGCFailedAllocation (Allocation Failure) done
Event: 2.403 Executing VM operation: HandshakeAllThreads (Deoptimize)
Event: 2.403 Executing VM operation: HandshakeAllThreads (Deoptimize) done
Event: 2.414 Executing VM operation: HandshakeAllThreads (Deoptimize)
Event: 2.414 Executing VM operation: HandshakeAllThreads (Deoptimize) done
Event: 2.515 Executing VM operation: HandshakeAllThreads (Deoptimize)
Event: 2.515 Executing VM operation: HandshakeAllThreads (Deoptimize) done
Event: 2.534 Executing VM operation: HandshakeAllThreads (Deoptimize)
Event: 2.534 Executing VM operation: HandshakeAllThreads (Deoptimize) done
Event: 2.534 Executing VM operation: Cleanup
Event: 2.534 Executing VM operation: Cleanup done
Event: 4.534 Executing VM operation: Cleanup
Event: 4.534 Executing VM operation: Cleanup done

Memory protections (0 events):
No events

Nmethod flushes (0 events):
No events

Events (16 events):
Event: 0.046 Thread 0x00000213e09661b0 Thread added: 0x00000213e09661b0
Event: 0.076 Thread 0x00000213e09661b0 Thread added: 0x00000213e08dc7b0
Event: 0.076 Thread 0x00000213e09661b0 Thread added: 0x00000213e08dfbf0
Event: 0.077 Thread 0x00000213e09661b0 Thread added: 0x00000213e08e3750
Event: 0.077 Thread 0x00000213e09661b0 Thread added: 0x00000213e08e43a0
Event: 0.077 Thread 0x00000213e09661b0 Thread added: 0x00000213e08e8460
Event: 0.077 Thread 0x00000213e09661b0 Thread added: 0x00000213e08ec590
Event: 0.077 Thread 0x00000213e09661b0 Thread added: 0x00000213e08f2a00
Event: 0.085 Thread 0x00000213e09661b0 Thread added: 0x00000213f8be26e0
Event: 0.190 Thread 0x00000213e09661b0 Thread added: 0x00000213f8d925a0
Event: 0.639 Thread 0x00000213e09661b0 Thread added: 0x00000213f8e977e0
Event: 0.669 Thread 0x00000213e08f2a00 Thread added: 0x00000213f8e09570
Event: 1.030 Thread 0x00000213e08f2a00 Thread added: 0x00000213fd0e0d00
Event: 2.070 Thread 0x00000213fd0e0d00 Thread exited: 0x00000213fd0e0d00
Event: 2.384 Thread 0x00000213e09661b0 Thread added: 0x00000213fd685940
Event: 2.558 Thread 0x00000213f8e09570 Thread exited: 0x00000213f8e09570


Dynamic libraries:
0x00007ff603120000 - 0x00007ff60312e000 	c:\Users\Harsh\.vscode\extensions\redhat.java-1.52.0-win32-x64\jre\21.0.9-win32-x86_64\bin\java.exe
0x00007ffe7c380000 - 0x00007ffe7c5e8000 	C:\WINDOWS\SYSTEM32\ntdll.dll
0x00007ffe7b710000 - 0x00007ffe7b7d9000 	C:\WINDOWS\System32\KERNEL32.DLL
0x00007ffe79a30000 - 0x00007ffe79e21000 	C:\WINDOWS\System32\KERNELBASE.dll
0x00007ffe78cf0000 - 0x00007ffe78e3b000 	C:\WINDOWS\System32\ucrtbase.dll
0x00007ffe45800000 - 0x00007ffe45818000 	c:\Users\Harsh\.vscode\extensions\redhat.java-1.52.0-win32-x64\jre\21.0.9-win32-x86_64\bin\jli.dll
0x00007ffe7a920000 - 0x00007ffe7aae6000 	C:\WINDOWS\System32\USER32.dll
0x00007ffe79a00000 - 0x00007ffe79a27000 	C:\WINDOWS\System32\win32u.dll
0x00007ffe7a510000 - 0x00007ffe7a53b000 	C:\WINDOWS\System32\GDI32.dll
0x00007ffe78e40000 - 0x00007ffe78f6b000 	C:\WINDOWS\System32\gdi32full.dll
0x00007ffe78f70000 - 0x00007ffe79013000 	C:\WINDOWS\System32\msvcp_win.dll
0x00007ffe73fa0000 - 0x00007ffe73fbe000 	c:\Users\Harsh\.vscode\extensions\redhat.java-1.52.0-win32-x64\jre\21.0.9-win32-x86_64\bin\VCRUNTIME140.dll
0x00007ffe5efc0000 - 0x00007ffe5f253000 	C:\WINDOWS\WinSxS\amd64_microsoft.windows.common-controls_6595b64144ccf1df_6.0.26100.7824_none_3e0870b2e3345462\COMCTL32.dll
0x00007ffe7af00000 - 0x00007ffe7afa9000 	C:\WINDOWS\System32\msvcrt.dll
0x00007ffe7a260000 - 0x00007ffe7a291000 	C:\WINDOWS\System32\IMM32.DLL
0x00007ffe73f90000 - 0x00007ffe73f9c000 	c:\Users\Harsh\.vscode\extensions\redhat.java-1.52.0-win32-x64\jre\21.0.9-win32-x86_64\bin\vcruntime140_1.dll
0x00007ffe36ef0000 - 0x00007ffe36f7d000 	c:\Users\Harsh\.vscode\extensions\redhat.java-1.52.0-win32-x64\jre\21.0.9-win32-x86_64\bin\msvcp140.dll
0x00007ffd9e480000 - 0x00007ffd9f220000 	c:\Users\Harsh\.vscode\extensions\redhat.java-1.52.0-win32-x64\jre\21.0.9-win32-x86_64\bin\server\jvm.dll
0x00007ffe7b7e0000 - 0x00007ffe7b894000 	C:\WINDOWS\System32\ADVAPI32.dll
0x00007ffe7ac70000 - 0x00007ffe7ad16000 	C:\WINDOWS\System32\sechost.dll
0x00007ffe7c000000 - 0x00007ffe7c118000 	C:\WINDOWS\System32\RPCRT4.dll
0x00007ffe7a390000 - 0x00007ffe7a404000 	C:\WINDOWS\System32\WS2_32.dll
0x00007ffe78ac0000 - 0x00007ffe78b1e000 	C:\WINDOWS\SYSTEM32\POWRPROF.dll
0x00007ffe66b60000 - 0x00007ffe66b95000 	C:\WINDOWS\SYSTEM32\WINMM.dll
0x00007ffe6a900000 - 0x00007ffe6a90b000 	C:\WINDOWS\SYSTEM32\VERSION.dll
0x00007ffe78aa0000 - 0x00007ffe78ab4000 	C:\WINDOWS\SYSTEM32\UMPDC.dll
0x00007ffe779e0000 - 0x00007ffe779fb000 	C:\WINDOWS\SYSTEM32\kernel.appcore.dll
0x00007ffe5e680000 - 0x00007ffe5e68a000 	c:\Users\Harsh\.vscode\extensions\redhat.java-1.52.0-win32-x64\jre\21.0.9-win32-x86_64\bin\jimage.dll
0x00007ffe76900000 - 0x00007ffe76b42000 	C:\WINDOWS\SYSTEM32\DBGHELP.DLL
0x00007ffe7a590000 - 0x00007ffe7a916000 	C:\WINDOWS\System32\combase.dll
0x00007ffe7ab80000 - 0x00007ffe7ac57000 	C:\WINDOWS\System32\OLEAUT32.dll
0x00007ffe5d160000 - 0x00007ffe5d19b000 	C:\WINDOWS\SYSTEM32\dbgcore.DLL
0x00007ffe7a070000 - 0x00007ffe7a115000 	C:\WINDOWS\System32\bcryptPrimitives.dll
0x00007ffe5d1e0000 - 0x00007ffe5d1ef000 	c:\Users\Harsh\.vscode\extensions\redhat.java-1.52.0-win32-x64\jre\21.0.9-win32-x86_64\bin\instrument.dll
0x00007ffe45240000 - 0x00007ffe45260000 	c:\Users\Harsh\.vscode\extensions\redhat.java-1.52.0-win32-x64\jre\21.0.9-win32-x86_64\bin\java.dll
0x00007ffe7b8a0000 - 0x00007ffe7bff2000 	C:\WINDOWS\System32\SHELL32.dll
0x00007ffe79890000 - 0x00007ffe799fa000 	C:\WINDOWS\System32\wintypes.dll
0x00007ffe79020000 - 0x00007ffe79883000 	C:\WINDOWS\System32\windows.storage.dll
0x00007ffe7a410000 - 0x00007ffe7a506000 	C:\WINDOWS\System32\SHCORE.dll
0x00007ffe7a2a0000 - 0x00007ffe7a307000 	C:\WINDOWS\System32\shlwapi.dll
0x00007ffe78b80000 - 0x00007ffe78ba9000 	C:\WINDOWS\SYSTEM32\profapi.dll
0x00007ffe42990000 - 0x00007ffe429a8000 	c:\Users\Harsh\.vscode\extensions\redhat.java-1.52.0-win32-x64\jre\21.0.9-win32-x86_64\bin\zip.dll
0x00007ffe580a0000 - 0x00007ffe580b0000 	C:\Users\Harsh\.vscode\extensions\redhat.java-1.52.0-win32-x64\jre\21.0.9-win32-x86_64\bin\net.dll
0x00007ffe70ef0000 - 0x00007ffe71017000 	C:\WINDOWS\SYSTEM32\WINHTTP.dll
0x00007ffe77f70000 - 0x00007ffe77fdb000 	C:\WINDOWS\system32\mswsock.dll
0x00007ffe3fdb0000 - 0x00007ffe3fdc6000 	C:\Users\Harsh\.vscode\extensions\redhat.java-1.52.0-win32-x64\jre\21.0.9-win32-x86_64\bin\nio.dll
0x00007ffe52210000 - 0x00007ffe52220000 	c:\Users\Harsh\.vscode\extensions\redhat.java-1.52.0-win32-x64\jre\21.0.9-win32-x86_64\bin\verify.dll

JVMTI agents:
c:\Users\Harsh\.vscode\extensions\redhat.java-1.52.0-win32-x64\lombok\lombok-1.18.39-4050.jar path:c:\Users\Harsh\.vscode\extensions\redhat.java-1.52.0-win32-x64\jre\21.0.9-win32-x86_64\bin\instrument.dll, loaded, initialized, instrumentlib options:none

dbghelp: loaded successfully - version: 4.0.5 - missing functions: none
symbol engine: initialized successfully - sym options: 0x614 - pdb path: .;c:\Users\Harsh\.vscode\extensions\redhat.java-1.52.0-win32-x64\jre\21.0.9-win32-x86_64\bin;C:\WINDOWS\SYSTEM32;C:\WINDOWS\WinSxS\amd64_microsoft.windows.common-controls_6595b64144ccf1df_6.0.26100.7824_none_3e0870b2e3345462;c:\Users\Harsh\.vscode\extensions\redhat.java-1.52.0-win32-x64\jre\21.0.9-win32-x86_64\bin\server

VM Arguments:
jvm_args: --add-modules=ALL-SYSTEM --add-opens=java.base/java.util=ALL-UNNAMED --add-opens=java.base/java.lang=ALL-UNNAMED --add-opens=java.base/sun.nio.fs=ALL-UNNAMED -Declipse.application=org.eclipse.jdt.ls.core.id1 -Dosgi.bundles.defaultStartLevel=4 -Declipse.product=org.eclipse.jdt.ls.core.product -Djava.import.generatesMetadataFilesAtProjectRoot=false -DDetectVMInstallationsJob.disabled=true -Dfile.encoding=utf8 -XX:+UseParallelGC -XX:GCTimeRatio=4 -XX:AdaptiveSizePolicyWeight=90 -Dsun.zip.disableMemoryMapping=true -Xmx2G -Xms100m -Xlog:disable -javaagent:c:\Users\Harsh\.vscode\extensions\redhat.java-1.52.0-win32-x64\lombok\lombok-1.18.39-4050.jar -XX:+HeapDumpOnOutOfMemoryError -XX:HeapDumpPath=c:\Users\Harsh\AppData\Roaming\Code\User\workspaceStorage\010daff9c438fd202ada02dde97645b3\redhat.java -Daether.dependencyCollector.impl=bf 
java_command: c:\Users\Harsh\.vscode\extensions\redhat.java-1.52.0-win32-x64\server\plugins\org.eclipse.equinox.launcher_1.7.100.v20251111-0406.jar -configuration c:\Users\Harsh\AppData\Roaming\Code\User\globalStorage\redhat.java\1.52.0\config_win -data c:\Users\Harsh\AppData\Roaming\Code\User\workspaceStorage\010daff9c438fd202ada02dde97645b3\redhat.java\jdt_ws --pipe=\\.\pipe\lsp-0c0f62efaefb23cfb4c5ef12fbbf5800-sock
java_class_path (initial): c:\Users\Harsh\.vscode\extensions\redhat.java-1.52.0-win32-x64\server\plugins\org.eclipse.equinox.launcher_1.7.100.v20251111-0406.jar
Launcher Type: SUN_STANDARD

[Global flags]
    uintx AdaptiveSizePolicyWeight                 = 90                                        {product} {command line}
     intx CICompilerCount                          = 4                                         {product} {ergonomic}
    uintx GCTimeRatio                              = 4                                         {product} {command line}
     bool HeapDumpOnOutOfMemoryError               = true                                   {manageable} {command line}
    ccstr HeapDumpPath                             = c:\Users\Harsh\AppData\Roaming\Code\User\workspaceStorage\010daff9c438fd202ada02dde97645b3\redhat.java         {manageable} {command line}
   size_t InitialHeapSize                          = 104857600                                 {product} {command line}
   size_t MaxHeapSize                              = 2147483648                                {product} {command line}
   size_t MaxNewSize                               = 715653120                                 {product} {ergonomic}
   size_t MinHeapDeltaBytes                        = 524288                                    {product} {ergonomic}
   size_t MinHeapSize                              = 104857600                                 {product} {command line}
   size_t NewSize                                  = 34603008                                  {product} {ergonomic}
    uintx NonNMethodCodeHeapSize                   = 5839372                                {pd product} {ergonomic}
    uintx NonProfiledCodeHeapSize                  = 122909434                              {pd product} {ergonomic}
   size_t OldSize                                  = 70254592                                  {product} {ergonomic}
    uintx ProfiledCodeHeapSize                     = 122909434                              {pd product} {ergonomic}
    uintx ReservedCodeCacheSize                    = 251658240                              {pd product} {ergonomic}
     bool SegmentedCodeCache                       = true                                      {product} {ergonomic}
   size_t SoftMaxHeapSize                          = 2147483648                             {manageable} {ergonomic}
     bool UseCompressedOops                        = true                           {product lp64_product} {ergonomic}
     bool UseLargePagesIndividualAllocation        = false                                  {pd product} {ergonomic}
     bool UseParallelGC                            = true                                      {product} {command line}

Logging:
Log output configuration:
 #0: stdout all=off uptime,level,tags foldmultilines=false
 #1: stderr all=off uptime,level,tags foldmultilines=false

Release file:
JAVA_VERSION="21.0.9" 
MODULES="java.base java.compiler java.datatransfer java.xml java.prefs java.desktop java.instrument java.logging java.management java.security.sasl java.naming java.rmi java.management.rmi java.net.http java.scripting java.security.jgss java.transaction.xa java.sql java.sql.rowset java.xml.crypto java.se java.smartcardio jdk.accessibility jdk.internal.jvmstat jdk.attach jdk.charsets jdk.internal.opt jdk.zipfs jdk.compiler jdk.crypto.ec jdk.crypto.cryptoki jdk.crypto.mscapi jdk.dynalink jdk.internal.ed jdk.editpad jdk.hotspot.agent jdk.httpserver jdk.internal.le jdk.internal.vm.ci jdk.internal.vm.compiler jdk.internal.vm.compiler.management jdk.jartool jdk.javadoc jdk.jcmd jdk.management jdk.management.agent jdk.jconsole jdk.jdeps jdk.jdwp.agent jdk.jdi jdk.jfr jdk.jshell jdk.jsobject jdk.jstatd jdk.localedata jdk.management.jfr jdk.naming.dns jdk.naming.rmi jdk.net jdk.nio.mapmode jdk.random jdk.sctp jdk.security.auth jdk.security.jgss jdk.unsupported jdk.unsupported.desktop jdk.xml.dom" 

Environment Variables:
PATH=C:\Python312\Scripts\;C:\Python312\;C:\Program Files (x86)\Common Files\Intel\Shared Libraries\redist\intel64\compiler;C:\WinAVR-20100110\bin;C:\WinAVR-20100110\utils\bin;C:\Program Files\Common Files\Oracle\Java\javapath;C:\Windows\system32;C:\Windows;C:\Windows\System32\Wbem;C:\Windows\System32\WindowsPowerShell\v1.0\;C:\Windows\System32\OpenSSH\;C:\Program Files (x86)\NVIDIA Corporation\PhysX\Common;C:\Program Files\NVIDIA Corporation\NVIDIA NvDLISR;C:\Program Files\Git\cmd;D:\Matlab\runtime\win64;D:\Matlab\bin;D:\Matlab\polyspace\bin;D:\Matlab\v93\runtime\win64;C:\Program Files\nodejs\;C:\ProgramData\chocolatey\bin;C:\Program Files\Microsoft SQL Server\150\Tools\Binn\;C:\Program Files\Microsoft SQL Server\Client SDK\ODBC\170\Tools\Binn\;C:\Program Files (x86)\Microsoft SQL Server\160\Tools\Binn\;C:\Program Files\Microsoft SQL Server\160\Tools\Binn\;C:\Program Files\Microsoft SQL Server\160\DTS\Binn\;C:\MinGW\bin;C:\Program Files\Cloudflare\Cloudflare WARP\;C:\Users\Harsh\AppData\Local\Pub\Cache\bin;C:\Users\Harsh\AppData\Local\Android\Sdk\cmdline-tools\latest\bin;C:\xampp\php;C:\composer;C:\Program Files\Docker\Docker\resources\bin;C:\WINDOWS\system32;C:\WINDOWS;C:\WINDOWS\System32\Wbem;C:\WINDOWS\System32\WindowsPowerShell\v1.0\;C:\WINDOWS\System32\OpenSSH\;C:\Program Files\MySQL\MySQL Shell 8.0\bin\;C:\Python312\Scripts\;C:\Python312\;C:\Program Files (x86)\Common Files\Intel\Shared Libraries\redist\intel64\compiler;C:\WinAVR-20100110\bin;C:\WinAVR-20100110\utils\bin;C:\Program Files\Common Files\Oracle\Java\javapath;C:\Windows\system32;C:\Windows;C:\Windows\System32\Wbem;C:\Windows\System32\WindowsPowerShell\v1.0\;C:\Windows\System32\OpenSSH\;C:\Program Files (x86)\NVIDIA Corporation\PhysX\Common;C:\Program Files\NVIDIA Corporation\NVIDIA NvDLISR;C:\Program Files\Git\cmd;D:\Matlab\runtime\win64;D:\Matlab\bin;D:\Matlab\polyspace\bin;D:\Matlab\v93\runtime\win64;C:\Program Files\nodejs\;C:\ProgramData\chocolatey\bin;C:\Program Files\Microsoft SQL Server\150\Tools\Binn\;C:\Program Files\Microsoft SQL Server\Client SDK\ODBC\170\Tools\Binn\;C:\Program Files (x86)\Microsoft SQL Server\160\Tools\Binn\;C:\Program Files\Microsoft SQL Server\160\Tools\Binn\;C:\Program Files\Microsoft SQL Server\160\DTS\Binn\;C:\MinGW\bin;C:\Program Files\Cloudflare\Cloudflare WARP\;C:\Program Files\dotnet\;C:\Users\Harsh\AppData\Local\Pub\Cache\bin;C:\Users\Harsh\AppData\Local\Android\Sdk\cmdline-tools\latest\bin;C:\xampp\php;C:\composer;C:\Program Files\Docker\Docker\resources\bin;C:\WINDOWS\system32;C:\WINDOWS;C:\WINDOWS\System32\Wbem;C:\WINDOWS\System32\WindowsPowerShell\v1.0\;C:\WINDOWS\System32\OpenSSH\;C:\flutter\bin;C:\Users\Harsh\AppData\Local\GitHubDesktop\bin;C:\Users\Harsh\.bun\bin;C:\Users\Harsh\AppData\Roaming\Composer\vendor\bin;C:\Program Files (x86)\MongoDB Atlas CLI\;C:\Program Files\MySQL\MySQL Server 9.2\bin;C:\Users\Harsh\AppData\Local\Programs\Windsurf\bin;C:\Users\Harsh\AppData\Local\Programs\cursor\resources\app\bin;C:\Users\Harsh\AppData\Local\Microsoft\WindowsApps;;C:\flutter\bin;C:\flutter\bin;C:\Program Files\Microsoft SQL Server\170\Tools\Binn\;C:\Program Files\MySQL\MySQL Shell 8.0\bin\;C:\Python312\Scripts\;C:\Python312\;C:\Program Files (x86)\Common Files\Intel\Shared Libraries\redist\intel64\compiler;C:\WinAVR-20100110\bin;C:\WinAVR-20100110\utils\bin;C:\Program Files\Common Files\Oracle\Java\javapath;C:\Windows\system32;C:\Windows;C:\Windows\System32\Wbem;C:\Windows\System32\WindowsPowerShell\v1.0\;C:\Windows\System32\OpenSSH\;C:\Program Files (x86)\NVIDIA Corporation\PhysX\Common;C:\Program Files\NVIDIA Corporation\NVIDIA NvDLISR;C:\Program Files\Git\cmd;D:\Matlab\runtime\win64;D:\Matlab\bin;D:\Matlab\polyspace\bin;D:\Matlab\v93\runtime\win64;C:\Program Files\nodejs\;C:\ProgramData\chocolatey\bin;C:\Program Files\Microsoft SQL Server\150\Tools\Binn\;C:\Program Files\Microsoft SQL Server\Client SDK\ODBC\170\Tools\Binn\;C:\Program Files (x86)\Microsoft SQL Server\160\Tools\Binn\;C:\Program Files\Microsoft SQL Server\160\Tools\Binn\;C:\Program Files\Microsoft SQL Server\160\DTS\Binn\;C:\MinGW\bin;C:\Program Files\Cloudflare\Cloudflare WARP\;C:\Users\Harsh\AppData\Local\Pub\Cache\bin;C:\Users\Harsh\AppData\Local\Android\Sdk\cmdline-tools\latest\bin;C:\xampp\php;C:\composer;C:\Program Files\Docker\Docker\resources\bin;C:\WINDOWS\system32;C:\WINDOWS;C:\WINDOWS\System32\Wbem;C:\WINDOWS\System32\WindowsPowerShell\v1.0\;C:\WINDOWS\System32\OpenSSH\;C:\Program Files\MySQL\MySQL Shell 8.0\bin\;C:\Python312\Scripts\;C:\Python312\;C:\Program Files (x86)\Common Files\Intel\Shared Libraries\redist\intel64\compiler;C:\WinAVR-20100110\bin;C:\WinAVR-20100110\utils\bin;C:\Program Files\Common Files\Oracle\Java\javapath;C:\Windows\system32;C:\Windows;C:\Windows\System32\Wbem;C:\Windows\System32\WindowsPowerShell\v1.0\;C:\Windows\System32\OpenSSH\;C:\Program Files (x86)\NVIDIA Corporation\PhysX\Common;C:\Program Files\NVIDIA Corporation\NVIDIA NvDLISR;C:\Program Files\Git\cmd;D:\Matlab\runtime\win64;D:\Matlab\bin;D:\Matlab\polyspace\bin;D:\Matlab\v93\runtime\win64;C:\Program Files\nodejs\;C:\ProgramData\chocolatey\bin;C:\Program Files\Microsoft SQL Server\150\Tools\Binn\;C:\Program Files\Microsoft SQL Server\Client SDK\ODBC\170\Tools\Binn\;C:\Program Files (x86)\Microsoft SQL Server\160\Tools\Binn\;C:\Program Files\Microsoft SQL Server\160\Tools\Binn\;C:\Program Files\Microsoft SQL Server\160\DTS\Binn\;C:\MinGW\bin;C:\Program Files\Cloudflare\Cloudflare WARP\;C:\Program Files\dotnet\;C:\Users\Harsh\AppData\Local\Pub\Cache\bin;C:\Users\Harsh\AppData\Local\Android\Sdk\cmdline-tools\latest\bin;C:\xampp\php;C:\composer;C:\Program Files\Docker\Docker\resources\bin;C:\WINDOWS\system32;C:\WINDOWS;C:\WINDOWS\System32\Wbem;C:\WINDOWS\System32\WindowsPowerShell\v1.0\;C:\WINDOWS\System32\OpenSSH\;C:\flutter\bin;C:\Users\Harsh\AppData\Local\GitHubDesktop\bin;C:\Users\Harsh\.bun\bin;C:\Users\Harsh\AppData\Roaming\Composer\vendor\bin;C:\Program Files (x86)\MongoDB Atlas CLI\;C:\Program Files\MySQL\MySQL Server 9.2\bin;C:\Users\Harsh\AppData\Local\Programs\Windsurf\bin;C:\Users\Harsh\AppData\Local\Programs\cursor\resources\app\bin;C:\Users\Harsh\AppData\Local\Microsoft\WindowsApps;;C:\flutter\bin;C:\flutter\bin;C:\Program Files\Microsoft SQL Server\170\Tools\Binn\;C:\flutter\bin;C:\Users\Harsh\AppData\Local\GitHubDesktop\bin;C:\Users\Harsh\.bun\bin;C:\Users\Harsh\AppData\Roaming\Composer\vendor\bin;C:\Program Files (x86)\MongoDB Atlas CLI\;C:\Program Files\MySQL\MySQL Server 9.2\bin;C:\Users\Harsh\AppData\Local\Microsoft\WindowsApps;C:\Users\Harsh\.dotnet\tools;C:\Users\Harsh\AppData\Local\Programs\Antigravity\bin;C:\Users\Harsh\AppData\Local\Programs\Windsurf\bin;C:\Users\Harsh\AppData\Local\Programs\Microsoft VS Code\bin
USERNAME=Harsh
OS=Windows_NT
PROCESSOR_IDENTIFIER=Intel64 Family 6 Model 165 Stepping 2, GenuineIntel
TMP=C:\Users\Harsh\AppData\Local\Temp
TEMP=C:\Users\Harsh\AppData\Local\Temp




Periodic native trim disabled

---------------  S Y S T E M  ---------------

OS:
 Windows 11 , 64 bit Build 26100 (10.0.26100.7705)
OS uptime: 0 days 9:28 hours
Hyper-V role detected

CPU: total 8 (initial active 8) (4 cores per cpu, 2 threads per core) family 6 model 165 stepping 2 microcode 0xe0, cx8, cmov, fxsr, ht, mmx, 3dnowpref, sse, sse2, sse3, ssse3, sse4.1, sse4.2, popcnt, lzcnt, tsc, tscinvbit, avx, avx2, aes, erms, clmul, bmi1, bmi2, adx, fma, vzeroupper, clflush, clflushopt, hv, rdtscp, f16c
Processor Information for the first 8 processors :
  Max Mhz: 2400, Current Mhz: 2400, Mhz Limit: 2400

Memory: 4k page, system-wide physical 8029M (448M free)
TotalPageFile size 22969M (AvailPageFile size 0M)
current process WorkingSet (physical memory assigned to process): 84M, peak: 90M
current process commit charge ("private bytes"): 236M, peak: 241M

vm_info: OpenJDK 64-Bit Server VM (21.0.9+10-LTS) for windows-amd64 JRE (21.0.9+10-LTS), built on 2025-10-21T00:00:00Z by "admin" with unknown MS VC++:1942

END.
